0 info it worked if it ends with ok
1 verbose cli [ '/Users/Sylly/.nvm/versions/node/v4.0.0/bin/node',
1 verbose cli   '/Users/Sylly/.nvm/versions/node/v4.0.0/bin/npm',
1 verbose cli   'install' ]
2 info using npm@2.14.2
3 info using node@v4.0.0
4 verbose config Skipping project config: /Users/Sylly/.npmrc. (matches userconfig)
5 verbose readDependencies loading dependencies from /Users/Sylly/package.json
6 error install Couldn't read dependencies
7 verbose stack Error: ENOENT: no such file or directory, open '/Users/Sylly/package.json'
7 verbose stack     at Error (native)
8 verbose cwd /Users/Sylly/GitHub/3dmap/js
9 error Darwin 14.4.0
10 error argv "/Users/Sylly/.nvm/versions/node/v4.0.0/bin/node" "/Users/Sylly/.nvm/versions/node/v4.0.0/bin/npm" "install"
11 error node v4.0.0
12 error npm  v2.14.2
13 error path /Users/Sylly/package.json
14 error code ENOPACKAGEJSON
15 error errno -2
16 error syscall open
17 error package.json ENOENT: no such file or directory, open '/Users/Sylly/package.json'
17 error package.json This is most likely not a problem with npm itself.
17 error package.json npm can't find a package.json file in your current directory.
18 verbose exit [ -2, true ]
